<?xml version="1.0" encoding="UTF-8" standalone="no"?>
<?pydev-testrun version="1.0"?><pydev-testsuite>
<summary errors="1" failures="0" finished="true" name="Test Run: 29" tests="1" total_time="Finished in: 47.16 secs."/>
<test location="C:\eclipse\workspace\unittest_dscp\workplace.py" status="error" test="my_workplace.test_tearDown" time="">
<stdout><![CDATA[&#30331;&#24405;&#25104;&#21151;
&#20840;&#37096;&#26696;&#20214;&#25628;&#32034;&#23436;&#27605;
CDwindow-A6EFB83BCCC3FD634B61A64D529011E1
['CDwindow-A6EFB83BCCC3FD634B61A64D529011E1', 'CDwindow-6D915D57C77CE74CF0005989F45FFC60', 'CDwindow-A9BF9F15A4B8BA51F96D906363F1782F']
&#20840;&#37096;&#26696;&#20214;&#26597;&#30475;&#23436;&#27605;
]]></stdout>
<stderr><![CDATA[Traceback (most recent call last):
  File "C:\eclipse\workspace\unittest_dscp\workplace.py", line 132, in setUp
    edit_button = element('//*[@id="app"]/div/div[2]/div[2]/div/div/div/div[2]/table/tr[2]/td[10]/span[2]')
  File "C:\Python\Python37-32\lib\site-packages\selenium\webdriver\remote\webdriver.py", line 394, in find_element_by_xpath
    return self.find_element(by=By.XPATH, value=xpath)
  File "C:\Python\Python37-32\lib\site-packages\selenium\webdriver\remote\webdriver.py", line 978, in find_element
    'value': value})['value']
  File "C:\Python\Python37-32\lib\site-packages\selenium\webdriver\remote\webdriver.py", line 321, in execute
    self.error_handler.check_response(response)
  File "C:\Python\Python37-32\lib\site-packages\selenium\webdriver\remote\errorhandler.py", line 242, in check_response
    raise exception_class(message, screen, stacktrace)
selenium.common.exceptions.NoSuchElementException: Message: no such element: Unable to locate element: {"method":"xpath","selector":"//*[@id="app"]/div/div[2]/div[2]/div/div/div/div[2]/table/tr[2]/td[10]/span[2]"}
  (Session info: chrome=73.0.3683.103)
  (Driver info: chromedriver=2.40.565498 (ea082db3280dd6843ebfb08a625e3eb905c4f5ab),platform=Windows NT 10.0.17134 x86_64)

]]></stderr>
</test>
<launch mode="debug">
<launch_memento><![CDATA[<?xml version="1.0" encoding="UTF-8" standalone="no"?>
<launchConfiguration local="true" path="unittest_dscp workplace.py"/>
]]></launch_memento>
</launch>
</pydev-testsuite>
